<?xml version="1.0" ?>
<coverage version="7.8.2" timestamp="1748323940354" lines-valid="544" lines-covered="274" line-rate="0.5037" branches-valid="162" branches-covered="34" branch-rate="0.2099" complexity="0">
	<!-- Generated by coverage.py: https://coverage.readthedocs.io/en/7.8.2 -->
	<!-- Based on https://raw.githubusercontent.com/cobertura/web/master/htdocs/xml/coverage-04.dtd -->
	<sources>
		<source>/home/ubuntu/operator-libs-linux</source>
	</sources>
	<packages>
		<package name="lib.charms.operator_libs_linux.v2" line-rate="0.5037" branch-rate="0.2099" complexity="0">
			<classes>
				<class name="snap.py" filename="lib/charms/operator_libs_linux/v2/snap.py" complexity="0" line-rate="0.5037" branch-rate="0.2099">
					<methods/>
					<lines>
						<line number="59" hits="1"/>
						<line number="61" hits="1"/>
						<line number="62" hits="1"/>
						<line number="63" hits="1"/>
						<line number="64" hits="1"/>
						<line number="65" hits="1"/>
						<line number="66" hits="1"/>
						<line number="67" hits="1"/>
						<line number="68" hits="1"/>
						<line number="69" hits="1"/>
						<line number="70" hits="1"/>
						<line number="71" hits="1"/>
						<line number="72" hits="1"/>
						<line number="73" hits="1"/>
						<line number="74" hits="1"/>
						<line number="75" hits="1"/>
						<line number="76" hits="1"/>
						<line number="77" hits="1"/>
						<line number="88" hits="1" branch="true" condition-coverage="50% (1/2)" missing-branches="90"/>
						<line number="90" hits="0"/>
						<line number="92" hits="0"/>
						<line number="93" hits="0"/>
						<line number="95" hits="1"/>
						<line number="98" hits="1"/>
						<line number="101" hits="1"/>
						<line number="105" hits="1"/>
						<line number="109" hits="1"/>
						<line number="112" hits="1"/>
						<line number="113" hits="1"/>
						<line number="114" hits="0" branch="true" condition-coverage="0% (0/2)" missing-branches="115,116"/>
						<line number="115" hits="0"/>
						<line number="116" hits="0"/>
						<line number="118" hits="1"/>
						<line number="123" hits="1"/>
						<line number="124" hits="1"/>
						<line number="127" hits="1"/>
						<line number="130" hits="1"/>
						<line number="133" hits="1"/>
						<line number="134" hits="1"/>
						<line number="137" hits="1"/>
						<line number="140" hits="1"/>
						<line number="141" hits="1"/>
						<line number="142" hits="1"/>
						<line number="143" hits="1"/>
						<line number="144" hits="1"/>
						<line number="147" hits="1"/>
						<line number="150" hits="1"/>
						<line number="151" hits="1"/>
						<line number="152" hits="1"/>
						<line number="153" hits="1"/>
						<line number="154" hits="1"/>
						<line number="158" hits="1"/>
						<line number="160" hits="1"/>
						<line number="176" hits="1"/>
						<line number="179" hits="1"/>
						<line number="188" hits="0"/>
						<line number="189" hits="0"/>
						<line number="190" hits="0"/>
						<line number="191" hits="0"/>
						<line number="192" hits="0"/>
						<line number="194" hits="1"/>
						<line number="196" hits="0"/>
						<line number="205" hits="1"/>
						<line number="208" hits="1"/>
						<line number="209" hits="1"/>
						<line number="211" hits="0"/>
						<line number="213" hits="1"/>
						<line number="214" hits="1"/>
						<line number="216" hits="0"/>
						<line number="218" hits="1"/>
						<line number="220" hits="0"/>
						<line number="223" hits="1"/>
						<line number="224" hits="1"/>
						<line number="227" hits="1"/>
						<line number="230" hits="1"/>
						<line number="231" hits="1"/>
						<line number="232" hits="1"/>
						<line number="234" hits="1"/>
						<line number="236" hits="0"/>
						<line number="238" hits="1"/>
						<line number="239" hits="1"/>
						<line number="241" hits="0"/>
						<line number="244" hits="1"/>
						<line number="247" hits="1"/>
						<line number="248" hits="1"/>
						<line number="249" hits="1"/>
						<line number="250" hits="1"/>
						<line number="251" hits="1"/>
						<line number="252" hits="1"/>
						<line number="254" hits="1"/>
						<line number="256" hits="0"/>
						<line number="259" hits="1"/>
						<line number="262" hits="1"/>
						<line number="263" hits="1"/>
						<line number="264" hits="1"/>
						<line number="265" hits="1"/>
						<line number="268" hits="1"/>
						<line number="272" hits="1"/>
						<line number="276" hits="1"/>
						<line number="287" hits="1"/>
						<line number="297" hits="1"/>
						<line number="298" hits="1"/>
						<line number="299" hits="1"/>
						<line number="300" hits="1"/>
						<line number="301" hits="1"/>
						<line number="302" hits="1"/>
						<line number="303" hits="1"/>
						<line number="304" hits="1"/>
						<line number="306" hits="1"/>
						<line number="308" hits="0"/>
						<line number="313" hits="1"/>
						<line number="315" hits="0"/>
						<line number="317" hits="1"/>
						<line number="319" hits="0"/>
						<line number="321" hits="1"/>
						<line number="323" hits="0"/>
						<line number="329" hits="1"/>
						<line number="340" hits="1"/>
						<line number="341" hits="1"/>
						<line number="342" hits="1"/>
						<line number="343" hits="1"/>
						<line number="344" hits="0"/>
						<line number="345" hits="0"/>
						<line number="349" hits="1"/>
						<line number="363" hits="0" branch="true" condition-coverage="0% (0/2)" missing-branches="365,367"/>
						<line number="365" hits="0"/>
						<line number="367" hits="0"/>
						<line number="369" hits="0"/>
						<line number="371" hits="0"/>
						<line number="372" hits="0"/>
						<line number="373" hits="0"/>
						<line number="374" hits="0"/>
						<line number="376" hits="1"/>
						<line number="377" hits="1" branch="true" condition-coverage="50% (1/2)" missing-branches="exit"/>
						<line number="378" hits="1"/>
						<line number="379" hits="1" branch="true" condition-coverage="50% (1/2)" missing-branches="exit"/>
						<line number="380" hits="1"/>
						<line number="381" hits="1" branch="true" condition-coverage="50% (1/2)" missing-branches="exit"/>
						<line number="382" hits="1"/>
						<line number="383" hits="1" branch="true" condition-coverage="50% (1/2)" missing-branches="exit"/>
						<line number="384" hits="1"/>
						<line number="392" hits="0" branch="true" condition-coverage="0% (0/2)" missing-branches="393,401"/>
						<line number="393" hits="0"/>
						<line number="394" hits="0" branch="true" condition-coverage="0% (0/2)" missing-branches="395,396"/>
						<line number="395" hits="0"/>
						<line number="396" hits="0"/>
						<line number="397" hits="0" branch="true" condition-coverage="0% (0/2)" missing-branches="398,399"/>
						<line number="398" hits="0"/>
						<line number="399" hits="0"/>
						<line number="401" hits="0" branch="true" condition-coverage="0% (0/2)" missing-branches="402,405"/>
						<line number="402" hits="0"/>
						<line number="405" hits="0"/>
						<line number="407" hits="1"/>
						<line number="415" hits="0" branch="true" condition-coverage="0% (0/2)" missing-branches="416,417"/>
						<line number="416" hits="0"/>
						<line number="417" hits="0"/>
						<line number="419" hits="1"/>
						<line number="425" hits="0"/>
						<line number="427" hits="1"/>
						<line number="434" hits="0"/>
						<line number="435" hits="0"/>
						<line number="437" hits="1"/>
						<line number="444" hits="0"/>
						<line number="445" hits="0"/>
						<line number="447" hits="1"/>
						<line number="455" hits="0"/>
						<line number="456" hits="0"/>
						<line number="458" hits="1"/>
						<line number="469" hits="0"/>
						<line number="471" hits="0" branch="true" condition-coverage="0% (0/2)" missing-branches="472,473"/>
						<line number="472" hits="0"/>
						<line number="473" hits="0" branch="true" condition-coverage="0% (0/2)" missing-branches="474,476"/>
						<line number="474" hits="0"/>
						<line number="476" hits="0"/>
						<line number="477" hits="0"/>
						<line number="478" hits="0"/>
						<line number="479" hits="0"/>
						<line number="480" hits="0"/>
						<line number="482" hits="1"/>
						<line number="488" hits="0"/>
						<line number="489" hits="0" branch="true" condition-coverage="0% (0/2)" missing-branches="490,492"/>
						<line number="490" hits="0"/>
						<line number="491" hits="0"/>
						<line number="492" hits="0"/>
						<line number="494" hits="1"/>
						<line number="496" hits="0"/>
						<line number="498" hits="1"/>
						<line number="505" hits="0" branch="true" condition-coverage="0% (0/2)" missing-branches="506,507"/>
						<line number="506" hits="0"/>
						<line number="507" hits="0"/>
						<line number="508" hits="0"/>
						<line number="509" hits="0"/>
						<line number="510" hits="0"/>
						<line number="511" hits="0"/>
						<line number="515" hits="1"/>
						<line number="524" hits="0"/>
						<line number="525" hits="0"/>
						<line number="527" hits="1"/>
						<line number="540" hits="0"/>
						<line number="542" hits="0"/>
						<line number="543" hits="0" branch="true" condition-coverage="0% (0/2)" missing-branches="544,545"/>
						<line number="544" hits="0"/>
						<line number="545" hits="0" branch="true" condition-coverage="0% (0/2)" missing-branches="546,547"/>
						<line number="546" hits="0"/>
						<line number="547" hits="0" branch="true" condition-coverage="0% (0/2)" missing-branches="548,549"/>
						<line number="548" hits="0"/>
						<line number="549" hits="0" branch="true" condition-coverage="0% (0/2)" missing-branches="550,551"/>
						<line number="550" hits="0"/>
						<line number="551" hits="0" branch="true" condition-coverage="0% (0/2)" missing-branches="552,554"/>
						<line number="552" hits="0"/>
						<line number="554" hits="0"/>
						<line number="556" hits="1"/>
						<line number="573" hits="1"/>
						<line number="574" hits="1" branch="true" condition-coverage="50% (1/2)" missing-branches="575"/>
						<line number="575" hits="0"/>
						<line number="577" hits="1" branch="true" condition-coverage="50% (1/2)" missing-branches="580"/>
						<line number="578" hits="1"/>
						<line number="580" hits="1" branch="true" condition-coverage="100% (2/2)"/>
						<line number="581" hits="1"/>
						<line number="583" hits="1" branch="true" condition-coverage="50% (1/2)" missing-branches="584"/>
						<line number="584" hits="0"/>
						<line number="586" hits="1" branch="true" condition-coverage="50% (1/2)" missing-branches="589"/>
						<line number="587" hits="1"/>
						<line number="589" hits="1" branch="true" condition-coverage="50% (1/2)" missing-branches="590"/>
						<line number="590" hits="0"/>
						<line number="591" hits="0"/>
						<line number="592" hits="1" branch="true" condition-coverage="50% (1/2)" missing-branches="595"/>
						<line number="593" hits="1"/>
						<line number="595" hits="1"/>
						<line number="597" hits="1"/>
						<line number="599" hits="0"/>
						<line number="601" hits="1"/>
						<line number="602" hits="1"/>
						<line number="604" hits="0"/>
						<line number="606" hits="1"/>
						<line number="631" hits="1"/>
						<line number="632" hits="1"/>
						<line number="633" hits="1"/>
						<line number="635" hits="1" branch="true" condition-coverage="50% (1/2)" missing-branches="636"/>
						<line number="636" hits="0"/>
						<line number="638" hits="1" branch="true" condition-coverage="100% (2/2)"/>
						<line number="639" hits="1"/>
						<line number="640" hits="1" branch="true" condition-coverage="50% (1/2)" missing-branches="641"/>
						<line number="641" hits="0"/>
						<line number="643" hits="1"/>
						<line number="645" hits="1" branch="true" condition-coverage="50% (1/2)" missing-branches="647"/>
						<line number="647" hits="0" branch="true" condition-coverage="0% (0/2)" missing-branches="649,652"/>
						<line number="649" hits="0"/>
						<line number="652" hits="0"/>
						<line number="655" hits="1" branch="true" condition-coverage="50% (1/2)" missing-branches="657"/>
						<line number="657" hits="0"/>
						<line number="660" hits="0"/>
						<line number="661" hits="0"/>
						<line number="662" hits="1" branch="true" condition-coverage="50% (1/2)" missing-branches="670"/>
						<line number="664" hits="1"/>
						<line number="667" hits="1"/>
						<line number="668" hits="1"/>
						<line number="670" hits="0"/>
						<line number="672" hits="1"/>
						<line number="673" hits="1"/>
						<line number="675" hits="1"/>
						<line number="677" hits="1"/>
						<line number="678" hits="1"/>
						<line number="679" hits="1"/>
						<line number="680" hits="1"/>
						<line number="681" hits="1"/>
						<line number="683" hits="1"/>
						<line number="684" hits="1"/>
						<line number="686" hits="0"/>
						<line number="688" hits="1"/>
						<line number="689" hits="1"/>
						<line number="691" hits="0"/>
						<line number="693" hits="1"/>
						<line number="694" hits="1"/>
						<line number="696" hits="0"/>
						<line number="698" hits="1"/>
						<line number="699" hits="1"/>
						<line number="708" hits="0" branch="true" condition-coverage="0% (0/2)" missing-branches="709,710"/>
						<line number="709" hits="0"/>
						<line number="710" hits="0"/>
						<line number="712" hits="1"/>
						<line number="713" hits="1"/>
						<line number="715" hits="0"/>
						<line number="717" hits="1"/>
						<line number="718" hits="1"/>
						<line number="720" hits="0"/>
						<line number="722" hits="1"/>
						<line number="723" hits="1"/>
						<line number="725" hits="1"/>
						<line number="727" hits="1"/>
						<line number="728" hits="1"/>
						<line number="730" hits="0"/>
						<line number="731" hits="0"/>
						<line number="733" hits="1"/>
						<line number="734" hits="1"/>
						<line number="736" hits="0"/>
						<line number="737" hits="0"/>
						<line number="738" hits="0" branch="true" condition-coverage="0% (0/2)" missing-branches="739,743"/>
						<line number="739" hits="0" branch="true" condition-coverage="0% (0/2)" missing-branches="738,740"/>
						<line number="740" hits="0"/>
						<line number="741" hits="0"/>
						<line number="743" hits="0"/>
						<line number="745" hits="1"/>
						<line number="746" hits="1"/>
						<line number="748" hits="0"/>
						<line number="749" hits="0"/>
						<line number="752" hits="1"/>
						<line number="755" hits="1"/>
						<line number="756" hits="1" branch="true" condition-coverage="50% (1/2)" missing-branches="757"/>
						<line number="757" hits="0"/>
						<line number="759" hits="1"/>
						<line number="760" hits="1"/>
						<line number="762" hits="1"/>
						<line number="764" hits="1" branch="true" condition-coverage="50% (1/2)" missing-branches="765"/>
						<line number="765" hits="0"/>
						<line number="766" hits="1"/>
						<line number="767" hits="1"/>
						<line number="768" hits="1"/>
						<line number="769" hits="1" branch="true" condition-coverage="50% (1/2)" missing-branches="exit"/>
						<line number="770" hits="1"/>
						<line number="773" hits="1"/>
						<line number="776" hits="1"/>
						<line number="777" hits="1"/>
						<line number="778" hits="1"/>
						<line number="780" hits="1"/>
						<line number="782" hits="1"/>
						<line number="789" hits="1"/>
						<line number="797" hits="1"/>
						<line number="813" hits="1" branch="true" condition-coverage="50% (1/2)" missing-branches="815"/>
						<line number="814" hits="1"/>
						<line number="815" hits="1"/>
						<line number="817" hits="1" branch="true" condition-coverage="50% (1/2)" missing-branches="818"/>
						<line number="818" hits="0"/>
						<line number="819" hits="1"/>
						<line number="820" hits="1"/>
						<line number="822" hits="1"/>
						<line number="823" hits="1"/>
						<line number="825" hits="1"/>
						<line number="826" hits="1"/>
						<line number="827" hits="1"/>
						<line number="828" hits="1"/>
						<line number="829" hits="1"/>
						<line number="830" hits="1"/>
						<line number="832" hits="1"/>
						<line number="846" hits="1"/>
						<line number="847" hits="1"/>
						<line number="848" hits="1" branch="true" condition-coverage="50% (1/2)" missing-branches="849"/>
						<line number="849" hits="0"/>
						<line number="850" hits="0"/>
						<line number="852" hits="1"/>
						<line number="853" hits="0"/>
						<line number="854" hits="0" branch="true" condition-coverage="0% (0/2)" missing-branches="855,856"/>
						<line number="855" hits="0"/>
						<line number="856" hits="0"/>
						<line number="858" hits="1"/>
						<line number="863" hits="0"/>
						<line number="864" hits="0"/>
						<line number="865" hits="0" branch="true" condition-coverage="0% (0/2)" missing-branches="866,867"/>
						<line number="866" hits="0"/>
						<line number="867" hits="0"/>
						<line number="868" hits="0"/>
						<line number="869" hits="0"/>
						<line number="870" hits="0" branch="true" condition-coverage="0% (0/2)" missing-branches="871,872"/>
						<line number="871" hits="0"/>
						<line number="872" hits="0" branch="true" condition-coverage="0% (0/2)" missing-branches="873,875"/>
						<line number="873" hits="0"/>
						<line number="874" hits="0"/>
						<line number="875" hits="0" branch="true" condition-coverage="0% (0/2)" missing-branches="876,878"/>
						<line number="876" hits="0"/>
						<line number="877" hits="0"/>
						<line number="878" hits="0"/>
						<line number="882" hits="1"/>
						<line number="891" hits="1"/>
						<line number="892" hits="1" branch="true" condition-coverage="50% (1/2)" missing-branches="895"/>
						<line number="893" hits="1"/>
						<line number="895" hits="1" branch="true" condition-coverage="50% (1/2)" missing-branches="896"/>
						<line number="896" hits="0"/>
						<line number="897" hits="1"/>
						<line number="899" hits="1"/>
						<line number="900" hits="1"/>
						<line number="901" hits="1"/>
						<line number="902" hits="1"/>
						<line number="903" hits="1"/>
						<line number="904" hits="1"/>
						<line number="906" hits="1"/>
						<line number="907" hits="1"/>
						<line number="908" hits="0"/>
						<line number="910" hits="0"/>
						<line number="911" hits="0"/>
						<line number="912" hits="1"/>
						<line number="913" hits="0"/>
						<line number="914" hits="0"/>
						<line number="915" hits="0"/>
						<line number="917" hits="1"/>
						<line number="919" hits="0"/>
						<line number="921" hits="1"/>
						<line number="923" hits="0"/>
						<line number="925" hits="1"/>
						<line number="927" hits="1"/>
						<line number="929" hits="1"/>
						<line number="931" hits="0"/>
						<line number="934" hits="1"/>
						<line number="943" hits="1"/>
						<line number="944" hits="0" branch="true" condition-coverage="0% (0/2)" missing-branches="945,946"/>
						<line number="945" hits="0"/>
						<line number="946" hits="0"/>
						<line number="947" hits="0"/>
						<line number="948" hits="0" branch="true" condition-coverage="0% (0/2)" missing-branches="exit,949"/>
						<line number="949" hits="0"/>
						<line number="950" hits="0"/>
						<line number="952" hits="1"/>
						<line number="954" hits="0"/>
						<line number="956" hits="1"/>
						<line number="958" hits="0"/>
						<line number="960" hits="1"/>
						<line number="962" hits="0"/>
						<line number="964" hits="1"/>
						<line number="966" hits="0"/>
						<line number="967" hits="0" branch="true" condition-coverage="0% (0/2)" missing-branches="968,971"/>
						<line number="968" hits="0"/>
						<line number="971" hits="0"/>
						<line number="972" hits="0"/>
						<line number="973" hits="0"/>
						<line number="974" hits="0"/>
						<line number="975" hits="0"/>
						<line number="977" hits="1"/>
						<line number="978" hits="1"/>
						<line number="980" hits="0"/>
						<line number="982" hits="1"/>
						<line number="987" hits="0" branch="true" condition-coverage="0% (0/2)" missing-branches="991,993"/>
						<line number="991" hits="0"/>
						<line number="993" hits="0"/>
						<line number="994" hits="0" branch="true" condition-coverage="0% (0/2)" missing-branches="exit,995"/>
						<line number="995" hits="0" branch="true" condition-coverage="0% (0/2)" missing-branches="994,996"/>
						<line number="996" hits="0"/>
						<line number="998" hits="1"/>
						<line number="1000" hits="0"/>
						<line number="1002" hits="0" branch="true" condition-coverage="0% (0/2)" missing-branches="exit,1003"/>
						<line number="1003" hits="0"/>
						<line number="1004" hits="0"/>
						<line number="1012" hits="0"/>
						<line number="1014" hits="1"/>
						<line number="1020" hits="0"/>
						<line number="1021" hits="0"/>
						<line number="1023" hits="0"/>
						<line number="1033" hits="1"/>
						<line number="1034" hits="1" branch="true" condition-coverage="50% (1/2)" missing-branches="exit"/>
						<line number="1043" hits="1"/>
						<line number="1044" hits="1" branch="true" condition-coverage="50% (1/2)" missing-branches="exit"/>
						<line number="1053" hits="1"/>
						<line number="1054" hits="1"/>
						<line number="1080" hits="0" branch="true" condition-coverage="0% (0/2)" missing-branches="1081,1083"/>
						<line number="1081" hits="0"/>
						<line number="1083" hits="0"/>
						<line number="1084" hits="0" branch="true" condition-coverage="0% (0/2)" missing-branches="1085,1087"/>
						<line number="1085" hits="0"/>
						<line number="1087" hits="0" branch="true" condition-coverage="0% (0/2)" missing-branches="1088,1090"/>
						<line number="1088" hits="0"/>
						<line number="1090" hits="0"/>
						<line number="1101" hits="1"/>
						<line number="1102" hits="1" branch="true" condition-coverage="50% (1/2)" missing-branches="exit"/>
						<line number="1104" hits="1"/>
						<line number="1105" hits="1" branch="true" condition-coverage="50% (1/2)" missing-branches="exit"/>
						<line number="1107" hits="1"/>
						<line number="1108" hits="1"/>
						<line number="1117" hits="0"/>
						<line number="1118" hits="0" branch="true" condition-coverage="0% (0/2)" missing-branches="1119,1120"/>
						<line number="1119" hits="0"/>
						<line number="1120" hits="0"/>
						<line number="1129" hits="1"/>
						<line number="1130" hits="1" branch="true" condition-coverage="50% (1/2)" missing-branches="exit"/>
						<line number="1139" hits="1"/>
						<line number="1140" hits="1" branch="true" condition-coverage="50% (1/2)" missing-branches="exit"/>
						<line number="1149" hits="1"/>
						<line number="1150" hits="1"/>
						<line number="1178" hits="0" branch="true" condition-coverage="0% (0/2)" missing-branches="1179,1181"/>
						<line number="1179" hits="0"/>
						<line number="1181" hits="0" branch="true" condition-coverage="0% (0/2)" missing-branches="1182,1192"/>
						<line number="1182" hits="0"/>
						<line number="1192" hits="0"/>
						<line number="1195" hits="1"/>
						<line number="1205" hits="0"/>
						<line number="1206" hits="0"/>
						<line number="1208" hits="0"/>
						<line number="1210" hits="0" branch="true" condition-coverage="0% (0/2)" missing-branches="1211,1232"/>
						<line number="1211" hits="0"/>
						<line number="1212" hits="0"/>
						<line number="1213" hits="0" branch="true" condition-coverage="0% (0/2)" missing-branches="1214,1216"/>
						<line number="1214" hits="0"/>
						<line number="1216" hits="0"/>
						<line number="1224" hits="0"/>
						<line number="1225" hits="0"/>
						<line number="1226" hits="0"/>
						<line number="1227" hits="0"/>
						<line number="1228" hits="0"/>
						<line number="1229" hits="0"/>
						<line number="1230" hits="0"/>
						<line number="1232" hits="0" branch="true" condition-coverage="0% (0/2)" missing-branches="1233,1235"/>
						<line number="1233" hits="0"/>
						<line number="1235" hits="0"/>
						<line number="1238" hits="1"/>
						<line number="1255" hits="0"/>
						<line number="1260" hits="0" branch="true" condition-coverage="0% (0/2)" missing-branches="1261,1262"/>
						<line number="1261" hits="0"/>
						<line number="1262" hits="0" branch="true" condition-coverage="0% (0/2)" missing-branches="1263,1264"/>
						<line number="1263" hits="0"/>
						<line number="1264" hits="0" branch="true" condition-coverage="0% (0/2)" missing-branches="1265,1266"/>
						<line number="1265" hits="0"/>
						<line number="1266" hits="0"/>
						<line number="1267" hits="0"/>
						<line number="1268" hits="0"/>
						<line number="1269" hits="0"/>
						<line number="1271" hits="0"/>
						<line number="1273" hits="0"/>
						<line number="1274" hits="0"/>
						<line number="1275" hits="0"/>
						<line number="1276" hits="0"/>
						<line number="1281" hits="0"/>
						<line number="1282" hits="0"/>
						<line number="1283" hits="0"/>
						<line number="1286" hits="1"/>
						<line number="1293" hits="0"/>
						<line number="1294" hits="0"/>
						<line number="1295" hits="0"/>
						<line number="1296" hits="0"/>
						<line number="1297" hits="0"/>
						<line number="1300" hits="1"/>
						<line number="1307" hits="0" branch="true" condition-coverage="0% (0/2)" missing-branches="1308,1309"/>
						<line number="1308" hits="0"/>
						<line number="1309" hits="0" branch="true" condition-coverage="0% (0/2)" missing-branches="1310,1311"/>
						<line number="1310" hits="0"/>
						<line number="1311" hits="0" branch="true" condition-coverage="0% (0/2)" missing-branches="1312,1314"/>
						<line number="1312" hits="0"/>
						<line number="1313" hits="0"/>
						<line number="1314" hits="0" branch="true" condition-coverage="0% (0/2)" missing-branches="1315,1319"/>
						<line number="1315" hits="0"/>
						<line number="1316" hits="0"/>
						<line number="1319" hits="0" branch="true" condition-coverage="0% (0/2)" missing-branches="1320,1322"/>
						<line number="1320" hits="0"/>
						<line number="1322" hits="0"/>
						<line number="1324" hits="0"/>
						<line number="1326" hits="0"/>
						<line number="1328" hits="0"/>
						<line number="1329" hits="0"/>
					</lines>
				</class>
			</classes>
		</package>
	</packages>
</coverage>
